<?xml version="1.0" encoding="UTF-8"?>
<!-- Generated by org.testng.reporters.JUnitXMLReporter -->
<testsuite hostname="Manjunatha-CG" ignored="1" name="Test" tests="16" failures="1" timestamp="09 Sep 2022 17:59:16 GMT" time="0.049" errors="0">
  <testcase name="test1" time="0.005" classname="prgms.Demo1"/>
  <testcase name="test2" time="0.001" classname="prgms.Demo1"/>
  <testcase name="test5" time="0.001" classname="prgms.Demo1"/>
  <testcase name="compose" time="0.001" classname="ng_prgms.Defends"/>
  <testcase name="inbox" time="0.002" classname="ng_prgms.Defends"/>
  <testcase name="delete" time="0.002" classname="ng_prgms.Defends">
    <failure type="java.lang.AssertionError" message="null">
      <![CDATA[java.lang.AssertionError: null
at ng_prgms.Defends.delete(Defends.java:27)
... Removed 27 stack frames]]>
    </failure>
  </testcase> <!-- delete -->
  <testcase name="test3" time="0.001" classname="prgms.Demo2"/>
  <testcase name="test2" time="0.001" classname="ng_prgms.Invocation_01"/>
  <testcase name="test4" time="0.001" classname="ng_prgms.Invocation_01"/>
  <testcase name="test2" time="0.001" classname="ng_prgms.ngdemo1"/>
  <testcase name="test1" time="0.0" classname="ng_prgms.Invocation_01"/>
  <testcase name="test1" time="0.001" classname="ng_prgms.Invocation_01"/>
  <testcase name="test1" time="0.001" classname="ng_prgms.Invocation_01"/>
  <testcase name="test1" time="0.001" classname="ng_prgms.Invocation_01"/>
  <testcase name="test1" time="0.001" classname="ng_prgms.Invocation_01"/>
  <testcase name="test1" time="0.0" classname="ng_prgms.ngdemo1"/>
  <testcase name="test3" time="0.0" classname="ng_prgms.Invocation_01">
    <ignored/>
  </testcase> <!-- test3 -->
</testsuite> <!-- Test -->
